# JRE version: OpenJDK Runtime Environment (11.0.10) (build 11.0.10+0-b96-7249189)
# Java VM: OpenJDK 64-Bit Server VM (11.0.10+0-b96-7249189, mixed mode, tiered, compressed oops, g1 gc, windows-amd64)
Heap:
 garbage-first heap   total 260096K, used 121119K [0x0000000080000000, 0x0000000100000000)
  region size 1024K, 55 young (56320K), 18 survivors (18432K)
 Metaspace       used 87573K, capacity 89960K, committed 90112K, reserved 1126400K
  class space    used 11418K, capacity 12283K, committed 12288K, reserved 1048576K
GC Heap History (18 events):
Event: 0.393 GC heap before
{Heap before GC invocations=0 (full 0):
 garbage-first heap   total 260096K, used 29696K [0x0000000080000000, 0x0000000100000000)
  region size 1024K, 24 young (24576K), 0 survivors (0K)
 Metaspace       used 10181K, capacity 10405K, committed 10624K, reserved 1058816K
  class space    used 1063K, capacity 1107K, committed 1152K, reserved 1048576K
}
Event: 0.395 GC heap after
{Heap after GC invocations=1 (full 0):
 garbage-first heap   total 260096K, used 9316K [0x0000000080000000, 0x0000000100000000)
  region size 1024K, 3 young (3072K), 3 survivors (3072K)
 Metaspace       used 10181K, capacity 10405K, committed 10624K, reserved 1058816K
  class space    used 1063K, capacity 1107K, committed 1152K, reserved 1048576K
}
Event: 1.224 GC heap before
{Heap before GC invocations=1 (full 0):
 garbage-first heap   total 260096K, used 104548K [0x0000000080000000, 0x0000000100000000)
  region size 1024K, 97 young (99328K), 3 survivors (3072K)
 Metaspace       used 20552K, capacity 21104K, committed 21248K, reserved 1067008K
  class space    used 2502K, capacity 2690K, committed 2816K, reserved 1048576K
}
Event: 1.229 GC heap after
{Heap after GC invocations=2 (full 0):
 garbage-first heap   total 260096K, used 16695K [0x0000000080000000, 0x0000000100000000)
  region size 1024K, 11 young (11264K), 11 survivors (11264K)
 Metaspace       used 20552K, capacity 21104K, committed 21248K, reserved 1067008K
  class space    used 2502K, capacity 2690K, committed 2816K, reserved 1048576K
}
Event: 1.371 GC heap before
{Heap before GC invocations=3 (full 0):
 garbage-first heap   total 260096K, used 43319K [0x0000000080000000, 0x0000000100000000)
  region size 1024K, 37 young (37888K), 11 survivors (11264K)
 Metaspace       used 23169K, capacity 23771K, committed 23936K, reserved 1071104K
  class space    used 2941K, capacity 3157K, committed 3200K, reserved 1048576K
}
Event: 1.376 GC heap after
{Heap after GC invocations=4 (full 0):
 garbage-first heap   total 260096K, used 17587K [0x0000000080000000, 0x0000000100000000)
  region size 1024K, 2 young (2048K), 2 survivors (2048K)
 Metaspace       used 23169K, capacity 23771K, committed 23936K, reserved 1071104K
  class space    used 2941K, capacity 3157K, committed 3200K, reserved 1048576K
}
Event: 1.989 GC heap before
{Heap before GC invocations=4 (full 0):
 garbage-first heap   total 260096K, used 101555K [0x0000000080000000, 0x0000000100000000)
  region size 1024K, 86 young (88064K), 2 survivors (2048K)
 Metaspace       used 35023K, capacity 35806K, committed 35840K, reserved 1081344K
  class space    used 4538K, capacity 4832K, committed 4864K, reserved 1048576K
}
Event: 1.994 GC heap after
{Heap after GC invocations=5 (full 0):
 garbage-first heap   total 260096K, used 21617K [0x0000000080000000, 0x0000000100000000)
  region size 1024K, 6 young (6144K), 6 survivors (6144K)
 Metaspace       used 35023K, capacity 35806K, committed 35840K, reserved 1081344K
  class space    used 4538K, capacity 4832K, committed 4864K, reserved 1048576K
}
Event: 2.769 GC heap before
{Heap before GC invocations=6 (full 0):
 garbage-first heap   total 260096K, used 154737K [0x0000000080000000, 0x0000000100000000)
  region size 1024K, 133 young (136192K), 6 survivors (6144K)
 Metaspace       used 45528K, capacity 46655K, committed 46720K, reserved 1089536K
  class space    used 5851K, capacity 6264K, committed 6272K, reserved 1048576K
}
Event: 2.776 GC heap after
{Heap after GC invocations=7 (full 0):
 garbage-first heap   total 260096K, used 28871K [0x0000000080000000, 0x0000000100000000)
  region size 1024K, 13 young (13312K), 13 survivors (13312K)
 Metaspace       used 45528K, capacity 46655K, committed 46720K, reserved 1089536K
  class space    used 5851K, capacity 6264K, committed 6272K, reserved 1048576K
}
Event: 3.730 GC heap before
{Heap before GC invocations=7 (full 0):
 garbage-first heap   total 260096K, used 155847K [0x0000000080000000, 0x0000000100000000)
  region size 1024K, 135 young (138240K), 13 survivors (13312K)
 Metaspace       used 58571K, capacity 60026K, committed 60160K, reserved 1101824K
  class space    used 7442K, capacity 7992K, committed 8064K, reserved 1048576K
}
Event: 3.745 GC heap after
{Heap after GC invocations=8 (full 0):
 garbage-first heap   total 260096K, used 44787K [0x0000000080000000, 0x0000000100000000)
  region size 1024K, 19 young (19456K), 19 survivors (19456K)
 Metaspace       used 58571K, capacity 60026K, committed 60160K, reserved 1101824K
  class space    used 7442K, capacity 7992K, committed 8064K, reserved 1048576K
}
Event: 4.671 GC heap before
{Heap before GC invocations=9 (full 0):
 garbage-first heap   total 260096K, used 180979K [0x0000000080000000, 0x0000000100000000)
  region size 1024K, 152 young (155648K), 19 survivors (19456K)
 Metaspace       used 70022K, capacity 71719K, committed 71936K, reserved 1112064K
  class space    used 9108K, capacity 9727K, committed 9728K, reserved 1048576K
}
Event: 4.684 GC heap after
{Heap after GC invocations=10 (full 0):
 garbage-first heap   total 260096K, used 54830K [0x0000000080000000, 0x0000000100000000)
  region size 1024K, 11 young (11264K), 11 survivors (11264K)
 Metaspace       used 70022K, capacity 71719K, committed 71936K, reserved 1112064K
  class space    used 9108K, capacity 9727K, committed 9728K, reserved 1048576K
}
Event: 5.625 GC heap before
{Heap before GC invocations=10 (full 0):
 garbage-first heap   total 260096K, used 194094K [0x0000000080000000, 0x0000000100000000)
  region size 1024K, 147 young (150528K), 11 survivors (11264K)
 Metaspace       used 79077K, capacity 81188K, committed 81408K, reserved 1120256K
  class space    used 10402K, capacity 11192K, committed 11264K, reserved 1048576K
}
Event: 5.637 GC heap after
{Heap after GC invocations=11 (full 0):
 garbage-first heap   total 260096K, used 64617K [0x0000000080000000, 0x0000000100000000)
  region size 1024K, 10 young (10240K), 10 survivors (10240K)
 Metaspace       used 79077K, capacity 81188K, committed 81408K, reserved 1120256K
  class space    used 10402K, capacity 11192K, committed 11264K, reserved 1048576K
}
Event: 6.136 GC heap before
{Heap before GC invocations=11 (full 0):
 garbage-first heap   total 260096K, used 202857K [0x0000000080000000, 0x0000000100000000)
  region size 1024K, 142 young (145408K), 10 survivors (10240K)
 Metaspace       used 85878K, capacity 88193K, committed 88448K, reserved 1126400K
  class space    used 11177K, capacity 12051K, committed 12160K, reserved 1048576K
}
Event: 6.145 GC heap after
{Heap after GC invocations=12 (full 0):
 garbage-first heap   total 260096K, used 77087K [0x0000000080000000, 0x0000000100000000)
  region size 1024K, 18 young (18432K), 18 survivors (18432K)
 Metaspace       used 85878K, capacity 88193K, committed 88448K, reserved 1126400K
  class space    used 11177K, capacity 12051K, committed 12160K, reserved 1048576K
}

