# JRE version: OpenJDK Runtime Environment (11.0.10) (build 11.0.10+0-b96-7249189)
# Java VM: OpenJDK 64-Bit Server VM (11.0.10+0-b96-7249189, mixed mode, tiered, compressed oops, g1 gc, windows-amd64)
Heap:
 garbage-first heap   total 390144K, used 162140K [0x0000000080000000, 0x0000000100000000)
  region size 1024K, 2 young (2048K), 2 survivors (2048K)
 Metaspace       used 145419K, capacity 150335K, committed 151756K, reserved 1181696K
  class space    used 17836K, capacity 19607K, committed 19916K, reserved 1048576K
GC Heap History (20 events):
Event: 9753.367 GC heap after
{Heap after GC invocations=58 (full 0):
 garbage-first heap   total 260096K, used 135808K [0x0000000080000000, 0x0000000100000000)
  region size 1024K, 2 young (2048K), 2 survivors (2048K)
 Metaspace       used 139633K, capacity 144374K, committed 146892K, reserved 1177600K
  class space    used 17283K, capacity 19011K, committed 19660K, reserved 1048576K
}
Event: 9753.390 GC heap before
{Heap before GC invocations=58 (full 0):
 garbage-first heap   total 260096K, used 145024K [0x0000000080000000, 0x0000000100000000)
  region size 1024K, 12 young (12288K), 2 survivors (2048K)
 Metaspace       used 139638K, capacity 144374K, committed 146892K, reserved 1177600K
  class space    used 17283K, capacity 19011K, committed 19660K, reserved 1048576K
}
Event: 9753.398 GC heap after
{Heap after GC invocations=59 (full 0):
 garbage-first heap   total 260096K, used 132438K [0x0000000080000000, 0x0000000100000000)
  region size 1024K, 1 young (1024K), 1 survivors (1024K)
 Metaspace       used 139638K, capacity 144374K, committed 146892K, reserved 1177600K
  class space    used 17283K, capacity 19011K, committed 19660K, reserved 1048576K
}
Event: 9753.485 GC heap before
{Heap before GC invocations=59 (full 0):
 garbage-first heap   total 260096K, used 163158K [0x0000000080000000, 0x0000000100000000)
  region size 1024K, 33 young (33792K), 1 survivors (1024K)
 Metaspace       used 139645K, capacity 144380K, committed 146892K, reserved 1177600K
  class space    used 17284K, capacity 19013K, committed 19660K, reserved 1048576K
}
Event: 9753.489 GC heap after
{Heap after GC invocations=60 (full 0):
 garbage-first heap   total 260096K, used 136146K [0x0000000080000000, 0x0000000100000000)
  region size 1024K, 4 young (4096K), 4 survivors (4096K)
 Metaspace       used 139645K, capacity 144380K, committed 146892K, reserved 1177600K
  class space    used 17284K, capacity 19013K, committed 19660K, reserved 1048576K
}
Event: 9753.851 GC heap before
{Heap before GC invocations=61 (full 0):
 garbage-first heap   total 260096K, used 223186K [0x0000000080000000, 0x0000000100000000)
  region size 1024K, 75 young (76800K), 4 survivors (4096K)
 Metaspace       used 142671K, capacity 147444K, committed 149196K, reserved 1179648K
  class space    used 17533K, capacity 19264K, committed 19660K, reserved 1048576K
}
Event: 9753.858 GC heap after
{Heap after GC invocations=62 (full 0):
 garbage-first heap   total 260096K, used 138585K [0x0000000080000000, 0x0000000100000000)
  region size 1024K, 7 young (7168K), 7 survivors (7168K)
 Metaspace       used 142671K, capacity 147444K, committed 149196K, reserved 1179648K
  class space    used 17533K, capacity 19264K, committed 19660K, reserved 1048576K
}
Event: 9753.876 GC heap before
{Heap before GC invocations=62 (full 0):
 garbage-first heap   total 260096K, used 143705K [0x0000000080000000, 0x0000000100000000)
  region size 1024K, 12 young (12288K), 7 survivors (7168K)
 Metaspace       used 142753K, capacity 147508K, committed 149196K, reserved 1179648K
  class space    used 17539K, capacity 19264K, committed 19660K, reserved 1048576K
}
Event: 9753.884 GC heap after
{Heap after GC invocations=63 (full 0):
 garbage-first heap   total 260096K, used 135848K [0x0000000080000000, 0x0000000100000000)
  region size 1024K, 2 young (2048K), 2 survivors (2048K)
 Metaspace       used 142753K, capacity 147508K, committed 149196K, reserved 1179648K
  class space    used 17539K, capacity 19264K, committed 19660K, reserved 1048576K
}
Event: 9754.604 GC heap before
{Heap before GC invocations=63 (full 0):
 garbage-first heap   total 260096K, used 208552K [0x0000000080000000, 0x0000000100000000)
  region size 1024K, 74 young (75776K), 2 survivors (2048K)
 Metaspace       used 144163K, capacity 148983K, committed 150732K, reserved 1179648K
  class space    used 17687K, capacity 19452K, committed 19916K, reserved 1048576K
}
Event: 9754.610 GC heap after
{Heap after GC invocations=64 (full 0):
 garbage-first heap   total 260096K, used 136869K [0x0000000080000000, 0x0000000100000000)
  region size 1024K, 3 young (3072K), 3 survivors (3072K)
 Metaspace       used 144163K, capacity 148983K, committed 150732K, reserved 1179648K
  class space    used 17687K, capacity 19452K, committed 19916K, reserved 1048576K
}
Event: 9754.980 GC heap before
{Heap before GC invocations=65 (full 0):
 garbage-first heap   total 260096K, used 214693K [0x0000000080000000, 0x0000000100000000)
  region size 1024K, 78 young (79872K), 3 survivors (3072K)
 Metaspace       used 144955K, capacity 149781K, committed 151244K, reserved 1181696K
  class space    used 17778K, capacity 19542K, committed 19916K, reserved 1048576K
}
Event: 9754.995 GC heap after
{Heap after GC invocations=66 (full 0):
 garbage-first heap   total 260096K, used 160330K [0x0000000080000000, 0x0000000100000000)
  region size 1024K, 10 young (10240K), 10 survivors (10240K)
 Metaspace       used 144955K, capacity 149781K, committed 151244K, reserved 1181696K
  class space    used 17778K, capacity 19542K, committed 19916K, reserved 1048576K
}
Event: 9755.002 GC heap before
{Heap before GC invocations=66 (full 0):
 garbage-first heap   total 260096K, used 162378K [0x0000000080000000, 0x0000000100000000)
  region size 1024K, 12 young (12288K), 10 survivors (10240K)
 Metaspace       used 144958K, capacity 149781K, committed 151244K, reserved 1181696K
  class space    used 17778K, capacity 19542K, committed 19916K, reserved 1048576K
}
Event: 9755.017 GC heap after
{Heap after GC invocations=67 (full 0):
 garbage-first heap   total 260096K, used 148936K [0x0000000080000000, 0x0000000100000000)
  region size 1024K, 2 young (2048K), 2 survivors (2048K)
 Metaspace       used 144958K, capacity 149781K, committed 151244K, reserved 1181696K
  class space    used 17778K, capacity 19542K, committed 19916K, reserved 1048576K
}
Event: 9755.185 GC heap before
{Heap before GC invocations=67 (full 0):
 garbage-first heap   total 260096K, used 202184K [0x0000000080000000, 0x0000000100000000)
  region size 1024K, 55 young (56320K), 2 survivors (2048K)
 Metaspace       used 145275K, capacity 150151K, committed 151500K, reserved 1181696K
  class space    used 17822K, capacity 19597K, committed 19916K, reserved 1048576K
}
Event: 9755.202 GC heap after
{Heap after GC invocations=68 (full 0):
 garbage-first heap   total 260096K, used 166880K [0x0000000080000000, 0x0000000100000000)
  region size 1024K, 7 young (7168K), 7 survivors (7168K)
 Metaspace       used 145275K, capacity 150151K, committed 151500K, reserved 1181696K
  class space    used 17822K, capacity 19597K, committed 19916K, reserved 1048576K
}
Event: 9755.431 GC heap before
{Heap before GC invocations=69 (full 0):
 garbage-first heap   total 260096K, used 206816K [0x0000000080000000, 0x0000000100000000)
  region size 1024K, 46 young (47104K), 7 survivors (7168K)
 Metaspace       used 145417K, capacity 150335K, committed 151756K, reserved 1181696K
  class space    used 17836K, capacity 19607K, committed 19916K, reserved 1048576K
}
Event: 9755.442 GC heap after
{Heap after GC invocations=70 (full 0):
 garbage-first heap   total 260096K, used 169605K [0x0000000080000000, 0x0000000100000000)
  region size 1024K, 4 young (4096K), 4 survivors (4096K)
 Metaspace       used 145417K, capacity 150335K, committed 151756K, reserved 1181696K
  class space    used 17836K, capacity 19607K, committed 19916K, reserved 1048576K
}
Event: 9755.490 GC heap before
{Heap before GC invocations=70 (full 0):
 garbage-first heap   total 260096K, used 176773K [0x0000000080000000, 0x0000000100000000)
  region size 1024K, 12 young (12288K), 4 survivors (4096K)
 Metaspace       used 145419K, capacity 150335K, committed 151756K, reserved 1181696K
  class space    used 17836K, capacity 19607K, committed 19916K, reserved 1048576K
}

