# JRE version: OpenJDK Runtime Environment (11.0.10) (build 11.0.10+0-b96-7249189)
# Java VM: OpenJDK 64-Bit Server VM (11.0.10+0-b96-7249189, mixed mode, tiered, compressed oops, g1 gc, windows-amd64)
Heap:
 garbage-first heap   total 260096K, used 149047K [0x0000000080000000, 0x0000000100000000)
  region size 1024K, 18 young (18432K), 4 survivors (4096K)
 Metaspace       used 100599K, capacity 102992K, committed 103680K, reserved 1138688K
  class space    used 12904K, capacity 13802K, committed 14080K, reserved 1048576K
GC Heap History (20 events):
Event: 4.896 GC heap before
{Heap before GC invocations=10 (full 0):
 garbage-first heap   total 260096K, used 132164K [0x0000000080000000, 0x0000000100000000)
  region size 1024K, 87 young (89088K), 3 survivors (3072K)
 Metaspace       used 64762K, capacity 66401K, committed 66432K, reserved 1107968K
  class space    used 8263K, capacity 8823K, committed 8832K, reserved 1048576K
}
Event: 4.901 GC heap after
{Heap after GC invocations=11 (full 0):
 garbage-first heap   total 260096K, used 51794K [0x0000000080000000, 0x0000000100000000)
  region size 1024K, 8 young (8192K), 8 survivors (8192K)
 Metaspace       used 64762K, capacity 66401K, committed 66432K, reserved 1107968K
  class space    used 8263K, capacity 8823K, committed 8832K, reserved 1048576K
}
Event: 5.766 GC heap before
{Heap before GC invocations=12 (full 0):
 garbage-first heap   total 260096K, used 144978K [0x0000000080000000, 0x0000000100000000)
  region size 1024K, 99 young (101376K), 8 survivors (8192K)
 Metaspace       used 75306K, capacity 77036K, committed 77312K, reserved 1116160K
  class space    used 9814K, capacity 10439K, committed 10496K, reserved 1048576K
}
Event: 5.774 GC heap after
{Heap after GC invocations=13 (full 0):
 garbage-first heap   total 260096K, used 57886K [0x0000000080000000, 0x0000000100000000)
  region size 1024K, 7 young (7168K), 7 survivors (7168K)
 Metaspace       used 75306K, capacity 77036K, committed 77312K, reserved 1116160K
  class space    used 9814K, capacity 10439K, committed 10496K, reserved 1048576K
}
Event: 6.589 GC heap before
{Heap before GC invocations=13 (full 0):
 garbage-first heap   total 260096K, used 154142K [0x0000000080000000, 0x0000000100000000)
  region size 1024K, 102 young (104448K), 7 survivors (7168K)
 Metaspace       used 80280K, capacity 82438K, committed 82560K, reserved 1120256K
  class space    used 10478K, capacity 11271K, committed 11392K, reserved 1048576K
}
Event: 6.597 GC heap after
{Heap after GC invocations=14 (full 0):
 garbage-first heap   total 260096K, used 63845K [0x0000000080000000, 0x0000000100000000)
  region size 1024K, 12 young (12288K), 12 survivors (12288K)
 Metaspace       used 80280K, capacity 82438K, committed 82560K, reserved 1120256K
  class space    used 10478K, capacity 11271K, committed 11392K, reserved 1048576K
}
Event: 7.326 GC heap before
{Heap before GC invocations=14 (full 0):
 garbage-first heap   total 260096K, used 173413K [0x0000000080000000, 0x0000000100000000)
  region size 1024K, 112 young (114688K), 12 survivors (12288K)
 Metaspace       used 81534K, capacity 83716K, committed 83968K, reserved 1122304K
  class space    used 10588K, capacity 11399K, committed 11520K, reserved 1048576K
}
Event: 7.343 GC heap after
{Heap after GC invocations=15 (full 0):
 garbage-first heap   total 260096K, used 82983K [0x0000000080000000, 0x0000000100000000)
  region size 1024K, 14 young (14336K), 14 survivors (14336K)
 Metaspace       used 81534K, capacity 83716K, committed 83968K, reserved 1122304K
  class space    used 10588K, capacity 11399K, committed 11520K, reserved 1048576K
}
Event: 7.748 GC heap before
{Heap before GC invocations=15 (full 0):
 garbage-first heap   total 260096K, used 190503K [0x0000000080000000, 0x0000000100000000)
  region size 1024K, 105 young (107520K), 14 survivors (14336K)
 Metaspace       used 85451K, capacity 87732K, committed 88064K, reserved 1126400K
  class space    used 10897K, capacity 11710K, committed 11776K, reserved 1048576K
}
Event: 7.757 GC heap after
{Heap after GC invocations=16 (full 0):
 garbage-first heap   total 260096K, used 89602K [0x0000000080000000, 0x0000000100000000)
  region size 1024K, 6 young (6144K), 6 survivors (6144K)
 Metaspace       used 85451K, capacity 87732K, committed 88064K, reserved 1126400K
  class space    used 10897K, capacity 11710K, committed 11776K, reserved 1048576K
}
Event: 8.415 GC heap before
{Heap before GC invocations=16 (full 0):
 garbage-first heap   total 260096K, used 182786K [0x0000000080000000, 0x0000000100000000)
  region size 1024K, 98 young (100352K), 6 survivors (6144K)
 Metaspace       used 87325K, capacity 89604K, committed 89728K, reserved 1126400K
  class space    used 11036K, capacity 11865K, committed 11904K, reserved 1048576K
}
Event: 8.420 GC heap after
{Heap after GC invocations=17 (full 0):
 garbage-first heap   total 260096K, used 86705K [0x0000000080000000, 0x0000000100000000)
  region size 1024K, 3 young (3072K), 3 survivors (3072K)
 Metaspace       used 87325K, capacity 89604K, committed 89728K, reserved 1126400K
  class space    used 11036K, capacity 11865K, committed 11904K, reserved 1048576K
}
Event: 10.069 GC heap before
{Heap before GC invocations=17 (full 0):
 garbage-first heap   total 260096K, used 192177K [0x0000000080000000, 0x0000000100000000)
  region size 1024K, 101 young (103424K), 3 survivors (3072K)
 Metaspace       used 89213K, capacity 91616K, committed 91776K, reserved 1128448K
  class space    used 11263K, capacity 12130K, committed 12160K, reserved 1048576K
}
Event: 10.074 GC heap after
{Heap after GC invocations=18 (full 0):
 garbage-first heap   total 260096K, used 95993K [0x0000000080000000, 0x0000000100000000)
  region size 1024K, 8 young (8192K), 8 survivors (8192K)
 Metaspace       used 89213K, capacity 91616K, committed 91776K, reserved 1128448K
  class space    used 11263K, capacity 12130K, committed 12160K, reserved 1048576K
}
Event: 10.456 GC heap before
{Heap before GC invocations=18 (full 0):
 garbage-first heap   total 260096K, used 202489K [0x0000000080000000, 0x0000000100000000)
  region size 1024K, 105 young (107520K), 8 survivors (8192K)
 Metaspace       used 96257K, capacity 98793K, committed 99072K, reserved 1134592K
  class space    used 12352K, capacity 13276K, committed 13312K, reserved 1048576K
}
Event: 10.468 GC heap after
{Heap after GC invocations=19 (full 0):
 garbage-first heap   total 260096K, used 115157K [0x0000000080000000, 0x0000000100000000)
  region size 1024K, 14 young (14336K), 14 survivors (14336K)
 Metaspace       used 96257K, capacity 98793K, committed 99072K, reserved 1134592K
  class space    used 12352K, capacity 13276K, committed 13312K, reserved 1048576K
}
Event: 10.883 GC heap before
{Heap before GC invocations=19 (full 0):
 garbage-first heap   total 260096K, used 200149K [0x0000000080000000, 0x0000000100000000)
  region size 1024K, 97 young (99328K), 14 survivors (14336K)
 Metaspace       used 100479K, capacity 103073K, committed 103296K, reserved 1138688K
  class space    used 12942K, capacity 13905K, committed 13952K, reserved 1048576K
}
Event: 10.906 GC heap after
{Heap after GC invocations=20 (full 0):
 garbage-first heap   total 260096K, used 143495K [0x0000000080000000, 0x0000000100000000)
  region size 1024K, 13 young (13312K), 13 survivors (13312K)
 Metaspace       used 100479K, capacity 103073K, committed 103296K, reserved 1138688K
  class space    used 12942K, capacity 13905K, committed 13952K, reserved 1048576K
}
Event: 11.043 GC heap before
{Heap before GC invocations=20 (full 0):
 garbage-first heap   total 260096K, used 164999K [0x0000000080000000, 0x0000000100000000)
  region size 1024K, 35 young (35840K), 13 survivors (13312K)
 Metaspace       used 100820K, capacity 103431K, committed 103680K, reserved 1138688K
  class space    used 12977K, capacity 13955K, committed 14080K, reserved 1048576K
}
Event: 11.055 GC heap after
{Heap after GC invocations=21 (full 0):
 garbage-first heap   total 260096K, used 149047K [0x0000000080000000, 0x0000000100000000)
  region size 1024K, 4 young (4096K), 4 survivors (4096K)
 Metaspace       used 100820K, capacity 103431K, committed 103680K, reserved 1138688K
  class space    used 12977K, capacity 13955K, committed 14080K, reserved 1048576K
}

